[     346ms] [INFO] %cDownload the React DevTools for a better development experience: https://reactjs.org/link/react-devtools font-weight:bold @ http://localhost:5173/node_modules/.vite/deps/chunk-TYILIMWK.js?v=d6f89891:21550
[   14767ms] [ERROR] Warning: %s a style property during rerender (%s) when a conflicting property is set (%s) can lead to styling bugs. To avoid this, don't mix shorthand and non-shorthand properties for the same value; instead, replace the shorthand with separate values.%s Updating backgroundColor background 
    at pre
    at SyntaxHighlighter3 (http://localhost:5173/node_modules/.vite/deps/react-syntax-highlighter.js?v=5e416b95:1652:26)
    at div
    at div
    at div
    at _c (http://localhost:5173/src/components/CodePreview/CodePreview.tsx:29:5)
    at div
    at section
    at main
    at div
    at App (http://localhost:5173/src/App.tsx:41:29) @ http://localhost:5173/node_modules/.vite/deps/chunk-TYILIMWK.js?v=d6f89891:520
[   15597ms] [ERROR] Warning: %s a style property during rerender (%s) when a conflicting property is set (%s) can lead to styling bugs. To avoid this, don't mix shorthand and non-shorthand properties for the same value; instead, replace the shorthand with separate values.%s Removing backgroundColor background 
    at pre
    at SyntaxHighlighter3 (http://localhost:5173/node_modules/.vite/deps/react-syntax-highlighter.js?v=5e416b95:1652:26)
    at div
    at div
    at div
    at _c (http://localhost:5173/src/components/CodePreview/CodePreview.tsx:29:5)
    at div
    at section
    at main
    at div
    at App (http://localhost:5173/src/App.tsx:41:29) @ http://localhost:5173/node_modules/.vite/deps/chunk-TYILIMWK.js?v=d6f89891:520
